<?xml version="1.0" encoding="UTF-8"?>
<!-- Generated by org.testng.reporters.JUnitReportReporter -->
<testsuite hostname="DESKTOP-FQ85KJ8" failures="0" tests="1" name="classDemo.GetAndPostRequests" time="2.695" errors="0" timestamp="2024-02-04T16:03:49 IST" skipped="0">
  <testcase classname="classDemo.GetAndPostRequests" name="getTest" time="2.695"/>
</testsuite> <!-- classDemo.GetAndPostRequests -->
