<?xml version="1.0" encoding="UTF-8"?>
<!-- Generated by org.testng.reporters.JUnitReportReporter -->
<testsuite hostname="DESKTOP-FQ85KJ8" failures="0" tests="3" name="classDemo.PutPatchDeleteTest" time="4.135" errors="0" timestamp="2024-02-05T15:03:05 IST" skipped="0">
  <testcase classname="classDemo.PutPatchDeleteTest" name="DeleteTest" time="2.071"/>
  <testcase classname="classDemo.PutPatchDeleteTest" name="PatchTest" time="1.532"/>
  <testcase classname="classDemo.PutPatchDeleteTest" name="PutTest" time="0.532"/>
</testsuite> <!-- classDemo.PutPatchDeleteTest -->
