<?xml version="1.0" encoding="UTF-8"?>
<!-- Generated by org.testng.reporters.JUnitReportReporter -->
<testsuite hostname="DESKTOP-FQ85KJ8" failures="0" tests="2" name="classDemo.Test1" time="2.581" errors="0" timestamp="2024-02-04T15:20:32 IST" skipped="0">
  <testcase classname="classDemo.Test1" name="test" time="0.160"/>
  <testcase classname="classDemo.Test1" name="Test2" time="2.421"/>
</testsuite> <!-- classDemo.Test1 -->
